android/app/build/intermediates/manifest_merge_blame_file/debug/processDebugMainManifest/manifest-merger-blame-debug-report.txt
1<?xml version="1.0" encoding="utf-8"?>
2<manifest xmlns:android="http://schemas.android.com/apk/res/android"
3    package="com.starkware.passportreader"
4    android:versionCode="1"
5    android:versionName="1.0" >
6
7    <uses-sdk
8        android:minSdkVersion="26"
9        android:targetSdkVersion="35" />
10
11    <uses-permission android:name="android.permission.NFC" />
11-->src/main/AndroidManifest.xml:4:5-62
11-->src/main/AndroidManifest.xml:4:22-59
12
13    <uses-feature
13-->src/main/AndroidManifest.xml:5:5-81
14        android:name="android.hardware.nfc"
14-->src/main/AndroidManifest.xml:5:19-54
15        android:required="true" />
15-->src/main/AndroidManifest.xml:5:55-78
16
17    <permission
17-->[androidx.core:core:1.13.1] AndroidManifest.xml:22:5-24:47
18        android:name="com.starkware.passportreader.DYNAMIC_RECEIVER_NOT_EXPORTED_PERMISSION"
18-->[androidx.core:core:1.13.1] AndroidManifest.xml:23:9-81
19        android:protectionLevel="signature" />
19-->[androidx.core:core:1.13.1] AndroidManifest.xml:24:9-44
20
21    <uses-permission android:name="com.starkware.passportreader.DYNAMIC_RECEIVER_NOT_EXPORTED_PERMISSION" />
21-->[androidx.core:core:1.13.1] AndroidManifest.xml:26:5-97
21-->[androidx.core:core:1.13.1] AndroidManifest.xml:26:22-94
22
23    <application
23-->src/main/AndroidManifest.xml:7:5-31:19
24        android:allowBackup="false"
24-->src/main/AndroidManifest.xml:8:9-36
25        android:appComponentFactory="androidx.core.app.CoreComponentFactory"
25-->[androidx.core:core:1.13.1] AndroidManifest.xml:28:18-86
26        android:debuggable="true"
27        android:extractNativeLibs="false"
28        android:label="@string/app_name"
28-->src/main/AndroidManifest.xml:9:9-41
29        android:testOnly="true"
30        android:theme="@style/Theme.MaterialComponents.Light.NoActionBar" >
30-->src/main/AndroidManifest.xml:10:9-74
31        <activity
31-->src/main/AndroidManifest.xml:12:9-30:20
32            android:name="com.starkware.passportreader.MainActivity"
32-->src/main/AndroidManifest.xml:13:13-41
33            android:exported="true"
33-->src/main/AndroidManifest.xml:14:13-36
34            android:launchMode="singleTop"
34-->src/main/AndroidManifest.xml:15:13-43
35            android:screenOrientation="portrait" >
35-->src/main/AndroidManifest.xml:16:13-49
36            <intent-filter>
36-->src/main/AndroidManifest.xml:18:13-21:29
37                <action android:name="android.intent.action.MAIN" />
37-->src/main/AndroidManifest.xml:19:17-69
37-->src/main/AndroidManifest.xml:19:25-66
38
39                <category android:name="android.intent.category.LAUNCHER" />
39-->src/main/AndroidManifest.xml:20:17-77
39-->src/main/AndroidManifest.xml:20:27-74
40            </intent-filter>
41
42            <!-- Triggered when an ISO-DEP (passport) tag is discovered -->
43            <intent-filter>
43-->src/main/AndroidManifest.xml:24:13-26:29
44                <action android:name="android.nfc.action.TECH_DISCOVERED" />
44-->src/main/AndroidManifest.xml:25:17-77
44-->src/main/AndroidManifest.xml:25:25-74
45            </intent-filter>
46
47            <meta-data
47-->src/main/AndroidManifest.xml:27:13-29:59
48                android:name="android.nfc.action.TECH_DISCOVERED"
48-->src/main/AndroidManifest.xml:28:17-66
49                android:resource="@xml/nfc_tech_filter" />
49-->src/main/AndroidManifest.xml:29:17-56
50        </activity>
51
52        <provider
52-->[androidx.emoji2:emoji2:1.3.0] AndroidManifest.xml:24:9-32:20
53            android:name="androidx.startup.InitializationProvider"
53-->[androidx.emoji2:emoji2:1.3.0] AndroidManifest.xml:25:13-67
54            android:authorities="com.starkware.passportreader.androidx-startup"
54-->[androidx.emoji2:emoji2:1.3.0] AndroidManifest.xml:26:13-68
55            android:exported="false" >
55-->[androidx.emoji2:emoji2:1.3.0] AndroidManifest.xml:27:13-37
56            <meta-data
56-->[androidx.emoji2:emoji2:1.3.0] AndroidManifest.xml:29:13-31:52
57                android:name="androidx.emoji2.text.EmojiCompatInitializer"
57-->[androidx.emoji2:emoji2:1.3.0] AndroidManifest.xml:30:17-75
58                android:value="androidx.startup" />
58-->[androidx.emoji2:emoji2:1.3.0] AndroidManifest.xml:31:17-49
59            <meta-data
59-->[androidx.lifecycle:lifecycle-process:2.6.2] AndroidManifest.xml:29:13-31:52
60                android:name="androidx.lifecycle.ProcessLifecycleInitializer"
60-->[androidx.lifecycle:lifecycle-process:2.6.2] AndroidManifest.xml:30:17-78
61                android:value="androidx.startup" />
61-->[androidx.lifecycle:lifecycle-process:2.6.2] AndroidManifest.xml:31:17-49
62            <meta-data
62-->[androidx.profileinstaller:profileinstaller:1.3.1] AndroidManifest.xml:29:13-31:52
63                android:name="androidx.profileinstaller.ProfileInstallerInitializer"
63-->[androidx.profileinstaller:profileinstaller:1.3.1] AndroidManifest.xml:30:17-85
64                android:value="androidx.startup" />
64-->[androidx.profileinstaller:profileinstaller:1.3.1] AndroidManifest.xml:31:17-49
65        </provider>
66
67        <receiver
67-->[androidx.profileinstaller:profileinstaller:1.3.1] AndroidManifest.xml:34:9-52:20
68            android:name="androidx.profileinstaller.ProfileInstallReceiver"
68-->[androidx.profileinstaller:profileinstaller:1.3.1] AndroidManifest.xml:35:13-76
69            android:directBootAware="false"
69-->[androidx.profileinstaller:profileinstaller:1.3.1] AndroidManifest.xml:36:13-44
70            android:enabled="true"
70-->[androidx.profileinstaller:profileinstaller:1.3.1] AndroidManifest.xml:37:13-35
71            android:exported="true"
71-->[androidx.profileinstaller:profileinstaller:1.3.1] AndroidManifest.xml:38:13-36
72            android:permission="android.permission.DUMP" >
72-->[androidx.profileinstaller:profileinstaller:1.3.1] AndroidManifest.xml:39:13-57
73            <intent-filter>
73-->[androidx.profileinstaller:profileinstaller:1.3.1] AndroidManifest.xml:40:13-42:29
74                <action android:name="androidx.profileinstaller.action.INSTALL_PROFILE" />
74-->[androidx.profileinstaller:profileinstaller:1.3.1] AndroidManifest.xml:41:17-91
74-->[androidx.profileinstaller:profileinstaller:1.3.1] AndroidManifest.xml:41:25-88
75            </intent-filter>
76            <intent-filter>
76-->[androidx.profileinstaller:profileinstaller:1.3.1] AndroidManifest.xml:43:13-45:29
77                <action android:name="androidx.profileinstaller.action.SKIP_FILE" />
77-->[androidx.profileinstaller:profileinstaller:1.3.1] AndroidManifest.xml:44:17-85
77-->[androidx.profileinstaller:profileinstaller:1.3.1] AndroidManifest.xml:44:25-82
78            </intent-filter>
79            <intent-filter>
79-->[androidx.profileinstaller:profileinstaller:1.3.1] AndroidManifest.xml:46:13-48:29
80                <action android:name="androidx.profileinstaller.action.SAVE_PROFILE" />
80-->[androidx.profileinstaller:profileinstaller:1.3.1] AndroidManifest.xml:47:17-88
80-->[androidx.profileinstaller:profileinstaller:1.3.1] AndroidManifest.xml:47:25-85
81            </intent-filter>
82            <intent-filter>
82-->[androidx.profileinstaller:profileinstaller:1.3.1] AndroidManifest.xml:49:13-51:29
83                <action android:name="androidx.profileinstaller.action.BENCHMARK_OPERATION" />
83-->[androidx.profileinstaller:profileinstaller:1.3.1] AndroidManifest.xml:50:17-95
83-->[androidx.profileinstaller:profileinstaller:1.3.1] AndroidManifest.xml:50:25-92
84            </intent-filter>
85        </receiver>
86    </application>
87
88</manifest>